<?xml version="1.0" encoding="UTF-8"?>
<!-- Generated by org.testng.reporters.JUnitReportReporter -->
<testsuite skipped="0" hostname="Malhotra-VAIO" name="com.crm.qa.testdata.Loginpagetest" tests="2" failures="0" timestamp="26 Nov 2018 17:32:42 GMT" time="24.593" errors="0">
  <testcase name="loginPagetittletest" time="4.352" classname="com.crm.qa.testdata.Loginpagetest"/>
  <testcase name="loginTest" time="20.241" classname="com.crm.qa.testdata.Loginpagetest"/>
</testsuite> <!-- com.crm.qa.testdata.Loginpagetest -->
